WARNING:root:[TOC] Error - Extracting Leaflet without TOC: AAFFD8B81BF5C83A1D92534557D7DE67
WARNING:root:[TOC] Error - Extracting Leaflet without TOC: 406F63E0974C3E7858D0D451B59FBC76
WARNING:root:[TOC] Error - Extracting TOC: 4E76DEB7DF585AF344024501C041E918
WARNING:root:[Leaflet Extraction] Error - Extracting Leaflet Part1: 10C22E7C9AFA3B11A5F905AA47256426
WARNING:root:[Leaflet Extraction] Error - Extracting Leaflet Part2: 10C22E7C9AFA3B11A5F905AA47256426
WARNING:root:[Leaflet Extraction] SUCCESS - Extracting Leaflet Part3: 10C22E7C9AFA3B11A5F905AA47256426
WARNING:root:[TOC] Error - Extracting TOC: 9187896A2806634AB94AB24296A279F3
WARNING:root:[TOC] Error - Extracting Leaflet without TOC: B10532E39523EF08BF5C50D0702125AA
WARNING:root:[Basic Info Extraction] - Can not get the product content. Doc id: 37773269B7E0669210CDDD962C3B146B
WARNING:root:[TOC] Error - Extracting TOC: 9BB0C1E6ACFCB024F22EA21F35499BAF
WARNING:root:[TOC] Error - Extracting Leaflet without TOC: A9C4FC015B6C46FBEC7D0BB0F7B940D7
WARNING:root:[TOC] Error - Extracting TOC: FB508EB15966829217C546C40E700386
WARNING:root:[TOC] Error - Extracting TOC: 1F664650C45217609EFFDA0E6742D2D7
WARNING:root:[TOC] Error - Extracting Leaflet without TOC: C478375464F16BA00A2D070A4A94E5E4
WARNING:root:[TOC] Error - Extracting Leaflet without TOC: 05D8D4176E0019169F48B24477E00440
WARNING:root:[TOC] Error - Extracting TOC: 6DB0B159B2561BCCA74ECC7DE7E396E3
WARNING:root:[TOC] Error - Extracting TOC: 9B3C85CAFB8EB306113986C221EB089B
WARNING:root:[TOC] Error - Extracting Leaflet without TOC: 32A4F1F2CB2BFA972729FEAE366220B7
WARNING:root:[Basic Info Extraction] - Can not get the product content. Doc id: CB6AF80F3C85C7472B465A4591C2F782
WARNING:root:[TOC] Error - Extracting Leaflet without TOC: 94786212F080E90B0F2D04E64ED6601D
WARNING:root:[Basic Info Extraction] - Can not get the product content. Doc id: CC31FB7376958E31A1DA4C01592FA081
WARNING:root:[TOC] Error - Extracting Leaflet without TOC: B59CD22408CC4C47284988D4A8353360
WARNING:root:[TOC] Error - Extracting TOC: 7FB3D08A6437278431D2996B25D69EB8
WARNING:root:[TOC] Error - Extracting TOC: 00ADC1102DDEBB1AE2429B3A8194BDFA
WARNING:root:[Basic Info Extraction] - Can not get the product content. Doc id: D10B481F019ABBC8E31F31355AA452A0
WARNING:root:[TOC] Error - Extracting TOC: 4669EC15BABB1B9BEDF39ECFFF96B64E
WARNING:root:[Leaflet Extraction] Error - Extracting Leaflet Part1: 6766CEDEE834A41AFDE6BFF65C4A70A5
WARNING:root:[Leaflet Extraction] Error - Extracting Leaflet Part2: 6766CEDEE834A41AFDE6BFF65C4A70A5
WARNING:root:[Leaflet Extraction] Error - Extracting Leaflet Part3: 6766CEDEE834A41AFDE6BFF65C4A70A5
WARNING:root:[Leaflet Extraction] Error - Extracting Leaflet Part1: BD4FF6ED0B0D498B222C3C731E0E0FE0
WARNING:root:[Leaflet Extraction] Error - Extracting Leaflet Part2: BD4FF6ED0B0D498B222C3C731E0E0FE0
WARNING:root:[Leaflet Extraction] SUCCESS - Extracting Leaflet Part3: BD4FF6ED0B0D498B222C3C731E0E0FE0
WARNING:root:[TOC] Error - Extracting TOC: 3FCDE9DEB4914EB98BB3816EC6D1CB11
WARNING:root:[TOC] Error - Extracting TOC: 045345DACD21EC6EF258B9AA36C821D6
WARNING:root:[TOC] Error - Extracting Leaflet without TOC: F961285CBE5D2D9DF75B739055503013
WARNING:root:[TOC] Error - Extracting Leaflet without TOC: A50F957A0ACD9B815A9AA45E1093FF9C
WARNING:root:[TOC] Error - Extracting TOC: 3E55281B3B1D111D333334C6F2D5EB50
WARNING:root:[TOC] Error - Extracting Leaflet without TOC: FC6D6B87A91A78F620676FF8257F315F
WARNING:root:[TOC] Error - Extracting TOC: BC3DF6CCD66F0A51403A9A29016A6332
WARNING:root:[TOC] Error - Extracting TOC: 920A6331CAE6253EF1FC4B1EE193B229
WARNING:root:[TOC] Error - Extracting Leaflet without TOC: 7BF94992E99BDC6808E3CC2BB8E335BE
WARNING:root:[TOC] Error - Extracting Leaflet without TOC: 8E6857BDCF15962A3D1D4BA39A4C52D0
WARNING:root:[TOC] Error - Extracting Leaflet without TOC: 7E48F0DBB9F861B8EEC96F8A8CEF87DE
WARNING:root:[TOC] Error - Extracting Leaflet without TOC: 698D6E5559C385958A1F48C12DFE46B8
WARNING:root:[TOC] Error - Extracting Leaflet without TOC: DC9D57CD658E60895EFEAC409E08970D
WARNING:root:[TOC] Error - Extracting Leaflet without TOC: 00A1C1A23D65E875131BCCD657918B37
WARNING:root:[TOC] Error - Extracting TOC: A805717059B39300C6B495CAC1A352B0
WARNING:root:[TOC] Error - Extracting TOC: 97630CDE4FCFDAC3A08776AF4D4D0755
WARNING:root:[TOC] Error - Extracting Leaflet without TOC: 6E5DF0CF4E951B60C3C462E913C56307
WARNING:root:[TOC] Error - Extracting Leaflet without TOC: FB3F64C396DA55DA33EE9F4CE87E7487
WARNING:root:[TOC] Error - Extracting Leaflet without TOC: DEBED16A7BBDF7EE527B387521617254
WARNING:root:[TOC] Error - Extracting Leaflet without TOC: E6A070E11B851F9D072229526A1612B2
WARNING:root:[TOC] Error - Extracting TOC: 09CB5E6026DD273357FF0A529EC3C223
WARNING:root:[TOC] Error - Extracting Leaflet without TOC: 3988ABDEFFBF0A92B6E5106F8D009705
WARNING:root:[TOC] Error - Extracting TOC: C9881F92A4A475D179DFFBA715288029
WARNING:root:[Leaflet Extraction] Error - Extracting Leaflet Part1: 6DE5DD3ADB6522D4F53BA079E4566103
WARNING:root:[Leaflet Extraction] Error - Extracting Leaflet Part2: 6DE5DD3ADB6522D4F53BA079E4566103
WARNING:root:[Leaflet Extraction] Error - Extracting Leaflet Part3: 6DE5DD3ADB6522D4F53BA079E4566103
WARNING:root:[TOC] Error - Extracting Leaflet without TOC: D01655C4BC8928EE33E9A08DDF28F234
WARNING:root:[TOC] Error - Extracting Leaflet without TOC: A7364C321BFBAB260AA1857947B9FF52
WARNING:root:[TOC] Error - Extracting Leaflet without TOC: 7BE69534A94E5AAD25DC1E0F48AFBA83
WARNING:root:[TOC] Error - Extracting Leaflet without TOC: 5D5408BF6013C0526BFD5250A06221CD
WARNING:root:[TOC] Error - Extracting Leaflet without TOC: E2021707EF614CA00010900C332AF671
WARNING:root:[TOC] Error - Extracting TOC: CD6DCCB748DF0767BA634E38975C0239
WARNING:root:[Leaflet Extraction] Error - Extracting Leaflet Part1: 0D95965AA4DE040668A3B33A353FDF3F
WARNING:root:[Leaflet Extraction] SUCCESS - Extracting Leaflet Part2: 0D95965AA4DE040668A3B33A353FDF3F
